# JRE version: OpenJDK Runtime Environment (8.0_76-b03) (build 1.8.0_76-release-b03)
# Java VM: OpenJDK 64-Bit Server VM (25.76-b03 mixed mode windows-amd64 compressed oops)
Heap:
 PSYoungGen      total 442368K, used 140669K [0x00000000e0000000, 0x00000000fdb80000, 0x0000000100000000)
  eden space 401408K, 34% used [0x00000000e0000000,0x00000000e861b5b8,0x00000000f8800000)
  from space 40960K, 8% used [0x00000000faf00000,0x00000000fb243fa0,0x00000000fd700000)
  to   space 39936K, 0% used [0x00000000f8800000,0x00000000f8800000,0x00000000faf00000)
 ParOldGen       total 292864K, used 55173K [0x00000000a0000000, 0x00000000b1e00000, 0x00000000e0000000)
  object space 292864K, 18% used [0x00000000a0000000,0x00000000a35e17c8,0x00000000b1e00000)
 Metaspace       used 84628K, capacity 93688K, committed 95104K, reserved 1132544K
  class space    used 10458K, capacity 11164K, committed 11904K, reserved 1048576K
GC Heap History (10 events):
Event: 17862.602 GC heap before
{Heap before GC invocations=149 (full 36):
 PSYoungGen      total 436224K, used 392192K [0x00000000e0000000, 0x00000000fd600000, 0x0000000100000000)
  eden space 392192K, 100% used [0x00000000e0000000,0x00000000f7f00000,0x00000000f7f00000)
  from space 44032K, 0% used [0x00000000fab00000,0x00000000fab00000,0x00000000fd600000)
  to   space 44544K, 0% used [0x00000000f7f00000,0x00000000f7f00000,0x00000000faa80000)
 ParOldGen       total 292864K, used 54142K [0x00000000a0000000, 0x00000000b1e00000, 0x00000000e0000000)
  object space 292864K, 18% used [0x00000000a0000000,0x00000000a34dfa18,0x00000000b1e00000)
 Metaspace       used 84410K, capacity 93120K, committed 94848K, reserved 1132544K
  class space    used 10419K, capacity 11124K, committed 11904K, reserved 1048576K
Event: 17862.610 GC heap after
Heap after GC invocations=149 (full 36):
 PSYoungGen      total 436736K, used 20548K [0x00000000e0000000, 0x00000000fde00000, 0x0000000100000000)
  eden space 392192K, 0% used [0x00000000e0000000,0x00000000e0000000,0x00000000f7f00000)
  from space 44544K, 46% used [0x00000000f7f00000,0x00000000f9311328,0x00000000faa80000)
  to   space 44032K, 0% used [0x00000000fb300000,0x00000000fb300000,0x00000000fde00000)
 ParOldGen       total 292864K, used 54142K [0x00000000a0000000, 0x00000000b1e00000, 0x00000000e0000000)
  object space 292864K, 18% used [0x00000000a0000000,0x00000000a34dfa18,0x00000000b1e00000)
 Metaspace       used 84410K, capacity 93120K, committed 94848K, reserved 1132544K
  class space    used 10419K, capacity 11124K, committed 11904K, reserved 1048576K
}
Event: 17868.505 GC heap before
{Heap before GC invocations=150 (full 36):
 PSYoungGen      total 436736K, used 412740K [0x00000000e0000000, 0x00000000fde00000, 0x0000000100000000)
  eden space 392192K, 100% used [0x00000000e0000000,0x00000000f7f00000,0x00000000f7f00000)
  from space 44544K, 46% used [0x00000000f7f00000,0x00000000f9311328,0x00000000faa80000)
  to   space 44032K, 0% used [0x00000000fb300000,0x00000000fb300000,0x00000000fde00000)
 ParOldGen       total 292864K, used 54142K [0x00000000a0000000, 0x00000000b1e00000, 0x00000000e0000000)
  object space 292864K, 18% used [0x00000000a0000000,0x00000000a34dfa18,0x00000000b1e00000)
 Metaspace       used 84476K, capacity 93272K, committed 94848K, reserved 1132544K
  class space    used 10427K, capacity 11132K, committed 11904K, reserved 1048576K
Event: 17868.512 GC heap after
Heap after GC invocations=150 (full 36):
 PSYoungGen      total 438272K, used 9626K [0x00000000e0000000, 0x00000000fd800000, 0x0000000100000000)
  eden space 400384K, 0% used [0x00000000e0000000,0x00000000e0000000,0x00000000f8700000)
  from space 37888K, 25% used [0x00000000fb300000,0x00000000fbc66840,0x00000000fd800000)
  to   space 41472K, 0% used [0x00000000f8700000,0x00000000f8700000,0x00000000faf80000)
 ParOldGen       total 292864K, used 54150K [0x00000000a0000000, 0x00000000b1e00000, 0x00000000e0000000)
  object space 292864K, 18% used [0x00000000a0000000,0x00000000a34e1a18,0x00000000b1e00000)
 Metaspace       used 84476K, capacity 93272K, committed 94848K, reserved 1132544K
  class space    used 10427K, capacity 11132K, committed 11904K, reserved 1048576K
}
Event: 17910.350 GC heap before
{Heap before GC invocations=151 (full 36):
 PSYoungGen      total 438272K, used 193679K [0x00000000e0000000, 0x00000000fd800000, 0x0000000100000000)
  eden space 400384K, 45% used [0x00000000e0000000,0x00000000eb3bd448,0x00000000f8700000)
  from space 37888K, 25% used [0x00000000fb300000,0x00000000fbc66840,0x00000000fd800000)
  to   space 41472K, 0% used [0x00000000f8700000,0x00000000f8700000,0x00000000faf80000)
 ParOldGen       total 292864K, used 54150K [0x00000000a0000000, 0x00000000b1e00000, 0x00000000e0000000)
  object space 292864K, 18% used [0x00000000a0000000,0x00000000a34e1a18,0x00000000b1e00000)
 Metaspace       used 84517K, capacity 93360K, committed 94848K, reserved 1132544K
  class space    used 10434K, capacity 11140K, committed 11904K, reserved 1048576K
Event: 17910.368 GC heap after
Heap after GC invocations=151 (full 36):
 PSYoungGen      total 402432K, used 1632K [0x00000000e0000000, 0x00000000fd700000, 0x0000000100000000)
  eden space 400384K, 0% used [0x00000000e0000000,0x00000000e0000000,0x00000000f8700000)
  from space 2048K, 79% used [0x00000000f8700000,0x00000000f8898000,0x00000000f8900000)
  to   space 40960K, 0% used [0x00000000faf00000,0x00000000faf00000,0x00000000fd700000)
 ParOldGen       total 292864K, used 54150K [0x00000000a0000000, 0x00000000b1e00000, 0x00000000e0000000)
  object space 292864K, 18% used [0x00000000a0000000,0x00000000a34e1a18,0x00000000b1e00000)
 Metaspace       used 84517K, capacity 93360K, committed 94848K, reserved 1132544K
  class space    used 10434K, capacity 11140K, committed 11904K, reserved 1048576K
}
Event: 17910.368 GC heap before
{Heap before GC invocations=152 (full 37):
 PSYoungGen      total 402432K, used 1632K [0x00000000e0000000, 0x00000000fd700000, 0x0000000100000000)
  eden space 400384K, 0% used [0x00000000e0000000,0x00000000e0000000,0x00000000f8700000)
  from space 2048K, 79% used [0x00000000f8700000,0x00000000f8898000,0x00000000f8900000)
  to   space 40960K, 0% used [0x00000000faf00000,0x00000000faf00000,0x00000000fd700000)
 ParOldGen       total 292864K, used 54150K [0x00000000a0000000, 0x00000000b1e00000, 0x00000000e0000000)
  object space 292864K, 18% used [0x00000000a0000000,0x00000000a34e1a18,0x00000000b1e00000)
 Metaspace       used 84517K, capacity 93360K, committed 94848K, reserved 1132544K
  class space    used 10434K, capacity 11140K, committed 11904K, reserved 1048576K
Event: 17910.540 GC heap after
Heap after GC invocations=152 (full 37):
 PSYoungGen      total 402432K, used 0K [0x00000000e0000000, 0x00000000fd700000, 0x0000000100000000)
  eden space 400384K, 0% used [0x00000000e0000000,0x00000000e0000000,0x00000000f8700000)
  from space 2048K, 0% used [0x00000000f8700000,0x00000000f8700000,0x00000000f8900000)
  to   space 40960K, 0% used [0x00000000faf00000,0x00000000faf00000,0x00000000fd700000)
 ParOldGen       total 292864K, used 55173K [0x00000000a0000000, 0x00000000b1e00000, 0x00000000e0000000)
  object space 292864K, 18% used [0x00000000a0000000,0x00000000a35e17c8,0x00000000b1e00000)
 Metaspace       used 84517K, capacity 93360K, committed 94848K, reserved 1132544K
  class space    used 10434K, capacity 11140K, committed 11904K, reserved 1048576K
}
Event: 17970.889 GC heap before
{Heap before GC invocations=153 (full 37):
 PSYoungGen      total 402432K, used 400384K [0x00000000e0000000, 0x00000000fd700000, 0x0000000100000000)
  eden space 400384K, 100% used [0x00000000e0000000,0x00000000f8700000,0x00000000f8700000)
  from space 2048K, 0% used [0x00000000f8700000,0x00000000f8700000,0x00000000f8900000)
  to   space 40960K, 0% used [0x00000000faf00000,0x00000000faf00000,0x00000000fd700000)
 ParOldGen       total 292864K, used 55173K [0x00000000a0000000, 0x00000000b1e00000, 0x00000000e0000000)
  object space 292864K, 18% used [0x00000000a0000000,0x00000000a35e17c8,0x00000000b1e00000)
 Metaspace       used 84628K, capacity 93688K, committed 95104K, reserved 1132544K
  class space    used 10458K, capacity 11164K, committed 11904K, reserved 1048576K
Event: 17970.893 GC heap after
Heap after GC invocations=153 (full 37):
 PSYoungGen      total 442368K, used 3343K [0x00000000e0000000, 0x00000000fdb80000, 0x0000000100000000)
  eden space 401408K, 0% used [0x00000000e0000000,0x00000000e0000000,0x00000000f8800000)
  from space 40960K, 8% used [0x00000000faf00000,0x00000000fb243fa0,0x00000000fd700000)
  to   space 39936K, 0% used [0x00000000f8800000,0x00000000f8800000,0x00000000faf00000)
 ParOldGen       total 292864K, used 55173K [0x00000000a0000000, 0x00000000b1e00000, 0x00000000e0000000)
  object space 292864K, 18% used [0x00000000a0000000,0x00000000a35e17c8,0x00000000b1e00000)
 Metaspace       used 84628K, capacity 93688K, committed 95104K, reserved 1132544K
  class space    used 10458K, capacity 11164K, committed 11904K, reserved 1048576K
}

