# JRE version: OpenJDK Runtime Environment (8.0_76-b03) (build 1.8.0_76-release-b03)
# Java VM: OpenJDK 64-Bit Server VM (25.76-b03 mixed mode windows-amd64 compressed oops)
Heap:
 PSYoungGen      total 497152K, used 355369K [0x00000000e0000000, 0x0000000100000000, 0x0000000100000000)
  eden space 472576K, 75% used [0x00000000e0000000,0x00000000f5b0a7b8,0x00000000fcd80000)
  from space 24576K, 0% used [0x00000000fcd80000,0x00000000fcd80000,0x00000000fe580000)
  to   space 24576K, 0% used [0x00000000fe800000,0x00000000fe800000,0x0000000100000000)
 ParOldGen       total 100352K, used 41619K [0x00000000a0000000, 0x00000000a6200000, 0x00000000e0000000)
  object space 100352K, 41% used [0x00000000a0000000,0x00000000a28a4e78,0x00000000a6200000)
 Metaspace       used 67982K, capacity 71022K, committed 71168K, reserved 1112064K
  class space    used 8468K, capacity 8953K, committed 8960K, reserved 1048576K
GC Heap History (10 events):
Event: 1088.285 GC heap before
{Heap before GC invocations=18 (full 3):
 PSYoungGen      total 497152K, used 105046K [0x00000000e0000000, 0x00000000fff80000, 0x0000000100000000)
  eden space 471552K, 18% used [0x00000000e0000000,0x00000000e569e350,0x00000000fcc80000)
  from space 25600K, 63% used [0x00000000fe680000,0x00000000ff677738,0x00000000fff80000)
  to   space 26112K, 0% used [0x00000000fcc80000,0x00000000fcc80000,0x00000000fe600000)
 ParOldGen       total 100352K, used 58217K [0x00000000a0000000, 0x00000000a6200000, 0x00000000e0000000)
  object space 100352K, 58% used [0x00000000a0000000,0x00000000a38da698,0x00000000a6200000)
 Metaspace       used 66665K, capacity 68696K, committed 68992K, reserved 1110016K
  class space    used 8328K, capacity 8730K, committed 8832K, reserved 1048576K
Event: 1088.289 GC heap after
Heap after GC invocations=18 (full 3):
 PSYoungGen      total 480256K, used 8250K [0x00000000e0000000, 0x00000000ffe80000, 0x0000000100000000)
  eden space 471552K, 0% used [0x00000000e0000000,0x00000000e0000000,0x00000000fcc80000)
  from space 8704K, 94% used [0x00000000fcc80000,0x00000000fd48eb70,0x00000000fd500000)
  to   space 25600K, 0% used [0x00000000fe580000,0x00000000fe580000,0x00000000ffe80000)
 ParOldGen       total 100352K, used 58225K [0x00000000a0000000, 0x00000000a6200000, 0x00000000e0000000)
  object space 100352K, 58% used [0x00000000a0000000,0x00000000a38dc698,0x00000000a6200000)
 Metaspace       used 66665K, capacity 68696K, committed 68992K, reserved 1110016K
  class space    used 8328K, capacity 8730K, committed 8832K, reserved 1048576K
}
Event: 1088.289 GC heap before
{Heap before GC invocations=19 (full 4):
 PSYoungGen      total 480256K, used 8250K [0x00000000e0000000, 0x00000000ffe80000, 0x0000000100000000)
  eden space 471552K, 0% used [0x00000000e0000000,0x00000000e0000000,0x00000000fcc80000)
  from space 8704K, 94% used [0x00000000fcc80000,0x00000000fd48eb70,0x00000000fd500000)
  to   space 25600K, 0% used [0x00000000fe580000,0x00000000fe580000,0x00000000ffe80000)
 ParOldGen       total 100352K, used 58225K [0x00000000a0000000, 0x00000000a6200000, 0x00000000e0000000)
  object space 100352K, 58% used [0x00000000a0000000,0x00000000a38dc698,0x00000000a6200000)
 Metaspace       used 66665K, capacity 68696K, committed 68992K, reserved 1110016K
  class space    used 8328K, capacity 8730K, committed 8832K, reserved 1048576K
Event: 1088.557 GC heap after
Heap after GC invocations=19 (full 4):
 PSYoungGen      total 480256K, used 0K [0x00000000e0000000, 0x00000000ffe80000, 0x0000000100000000)
  eden space 471552K, 0% used [0x00000000e0000000,0x00000000e0000000,0x00000000fcc80000)
  from space 8704K, 0% used [0x00000000fcc80000,0x00000000fcc80000,0x00000000fd500000)
  to   space 25600K, 0% used [0x00000000fe580000,0x00000000fe580000,0x00000000ffe80000)
 ParOldGen       total 100352K, used 39384K [0x00000000a0000000, 0x00000000a6200000, 0x00000000e0000000)
  object space 100352K, 39% used [0x00000000a0000000,0x00000000a26761b8,0x00000000a6200000)
 Metaspace       used 66665K, capacity 68696K, committed 68992K, reserved 1110016K
  class space    used 8328K, capacity 8730K, committed 8832K, reserved 1048576K
}
Event: 1144.705 GC heap before
{Heap before GC invocations=20 (full 4):
 PSYoungGen      total 480256K, used 468889K [0x00000000e0000000, 0x00000000ffe80000, 0x0000000100000000)
  eden space 471552K, 99% used [0x00000000e0000000,0x00000000fc9e6790,0x00000000fcc80000)
  from space 8704K, 0% used [0x00000000fcc80000,0x00000000fcc80000,0x00000000fd500000)
  to   space 25600K, 0% used [0x00000000fe580000,0x00000000fe580000,0x00000000ffe80000)
 ParOldGen       total 100352K, used 39384K [0x00000000a0000000, 0x00000000a6200000, 0x00000000e0000000)
  object space 100352K, 39% used [0x00000000a0000000,0x00000000a26761b8,0x00000000a6200000)
 Metaspace       used 67134K, capacity 69480K, committed 69760K, reserved 1110016K
  class space    used 8365K, capacity 8790K, committed 8832K, reserved 1048576K
Event: 1144.711 GC heap after
Heap after GC invocations=20 (full 4):
 PSYoungGen      total 498176K, used 13294K [0x00000000e0000000, 0x0000000100000000, 0x0000000100000000)
  eden space 472576K, 0% used [0x00000000e0000000,0x00000000e0000000,0x00000000fcd80000)
  from space 25600K, 51% used [0x00000000fe580000,0x00000000ff27b908,0x00000000ffe80000)
  to   space 24576K, 0% used [0x00000000fcd80000,0x00000000fcd80000,0x00000000fe580000)
 ParOldGen       total 100352K, used 39392K [0x00000000a0000000, 0x00000000a6200000, 0x00000000e0000000)
  object space 100352K, 39% used [0x00000000a0000000,0x00000000a26781b8,0x00000000a6200000)
 Metaspace       used 67134K, capacity 69480K, committed 69760K, reserved 1110016K
  class space    used 8365K, capacity 8790K, committed 8832K, reserved 1048576K
}
Event: 1300.639 GC heap before
{Heap before GC invocations=21 (full 4):
 PSYoungGen      total 498176K, used 389655K [0x00000000e0000000, 0x0000000100000000, 0x0000000100000000)
  eden space 472576K, 79% used [0x00000000e0000000,0x00000000f6f8a608,0x00000000fcd80000)
  from space 25600K, 51% used [0x00000000fe580000,0x00000000ff27b908,0x00000000ffe80000)
  to   space 24576K, 0% used [0x00000000fcd80000,0x00000000fcd80000,0x00000000fe580000)
 ParOldGen       total 100352K, used 39392K [0x00000000a0000000, 0x00000000a6200000, 0x00000000e0000000)
  object space 100352K, 39% used [0x00000000a0000000,0x00000000a26781b8,0x00000000a6200000)
 Metaspace       used 67705K, capacity 70578K, committed 70656K, reserved 1112064K
  class space    used 8452K, capacity 8937K, committed 8960K, reserved 1048576K
Event: 1300.644 GC heap after
Heap after GC invocations=21 (full 4):
 PSYoungGen      total 497152K, used 7490K [0x00000000e0000000, 0x0000000100000000, 0x0000000100000000)
  eden space 472576K, 0% used [0x00000000e0000000,0x00000000e0000000,0x00000000fcd80000)
  from space 24576K, 30% used [0x00000000fcd80000,0x00000000fd4d0b30,0x00000000fe580000)
  to   space 24576K, 0% used [0x00000000fe800000,0x00000000fe800000,0x0000000100000000)
 ParOldGen       total 100352K, used 39400K [0x00000000a0000000, 0x00000000a6200000, 0x00000000e0000000)
  object space 100352K, 39% used [0x00000000a0000000,0x00000000a267a1b8,0x00000000a6200000)
 Metaspace       used 67705K, capacity 70578K, committed 70656K, reserved 1112064K
  class space    used 8452K, capacity 8937K, committed 8960K, reserved 1048576K
}
Event: 1300.644 GC heap before
{Heap before GC invocations=22 (full 5):
 PSYoungGen      total 497152K, used 7490K [0x00000000e0000000, 0x0000000100000000, 0x0000000100000000)
  eden space 472576K, 0% used [0x00000000e0000000,0x00000000e0000000,0x00000000fcd80000)
  from space 24576K, 30% used [0x00000000fcd80000,0x00000000fd4d0b30,0x00000000fe580000)
  to   space 24576K, 0% used [0x00000000fe800000,0x00000000fe800000,0x0000000100000000)
 ParOldGen       total 100352K, used 39400K [0x00000000a0000000, 0x00000000a6200000, 0x00000000e0000000)
  object space 100352K, 39% used [0x00000000a0000000,0x00000000a267a1b8,0x00000000a6200000)
 Metaspace       used 67705K, capacity 70578K, committed 70656K, reserved 1112064K
  class space    used 8452K, capacity 8937K, committed 8960K, reserved 1048576K
Event: 1300.826 GC heap after
Heap after GC invocations=22 (full 5):
 PSYoungGen      total 497152K, used 0K [0x00000000e0000000, 0x0000000100000000, 0x0000000100000000)
  eden space 472576K, 0% used [0x00000000e0000000,0x00000000e0000000,0x00000000fcd80000)
  from space 24576K, 0% used [0x00000000fcd80000,0x00000000fcd80000,0x00000000fe580000)
  to   space 24576K, 0% used [0x00000000fe800000,0x00000000fe800000,0x0000000100000000)
 ParOldGen       total 100352K, used 41619K [0x00000000a0000000, 0x00000000a6200000, 0x00000000e0000000)
  object space 100352K, 41% used [0x00000000a0000000,0x00000000a28a4e78,0x00000000a6200000)
 Metaspace       used 67705K, capacity 70578K, committed 70656K, reserved 1112064K
  class space    used 8452K, capacity 8937K, committed 8960K, reserved 1048576K
}

